build/app/outputs/mapping/release/mapping.txt
# compiler: R8
# compiler_version: 1.5.64
# min_api: 19
# pg_map_id: 9b3d753
com.hawa4k.captain.MapsActivity -> com.hawa4k.captain.MapsActivity:
    com.google.android.gms.maps.GoogleMap mMap -> t
    void onMapReady(com.google.android.gms.maps.GoogleMap) -> a
...
com.google.android.exoplayer2.mediacodec.AsynchronousMediaCodecBufferEnqueuer$1 -> c.b.a.b.y1.h$a:
    com.google.android.exoplayer2.mediacodec.AsynchronousMediaCodecBufferEnqueuer this$0 -> a
com.google.android.exoplayer2.mediacodec.AsynchronousMediaCodecBufferEnqueuer$MessageParams -> c.b.a.b.y1.h$b:
    long presentationTimeUs -> e
    int flags -> f
    android.media.MediaCodec$CryptoInfo cryptoInfo -> d
    int offset -> b
    int size -> c
    int index -> a
    void setQueueParams(int,int,int,long,int) -> a
com.google.android.exoplayer2.mediacodec.BatchBuffer -> c.b.a.b.y1.i:
    int accessUnitCount -> n
    int maxAccessUnitCount -> o
    boolean hasPendingAccessUnit -> l
    com.google.android.exoplayer2.decoder.DecoderInputBuffer nextAccessUnitBuffer -> k
    long firstAccessUnitTimeUs -> m
    boolean canBatch(com.google.android.exoplayer2.decoder.DecoderInputBuffer) -> a
    void putAccessUnit(com.google.android.exoplayer2.decoder.DecoderInputBuffer) -> b
    void setMaxAccessUnitCount(int) -> d
    void batchWasConsumed() -> n
    void commitNextAccessUnit() -> o
    void flush() -> p
    int getAccessUnitCount() -> q
    long getFirstAccessUnitTimeUs() -> r
    long getLastAccessUnitTimeUs() -> s
    com.google.android.exoplayer2.decoder.DecoderInputBuffer getNextAccessUnitBuffer() -> t
    boolean isFull() -> u
    void clearMainBuffer() -> v
com.google.android.exoplayer2.mediacodec.C2Mp3TimestampTracker -> c.b.a.b.y1.j:
    long anchorTimestampUs -> b
    long processedSamples -> a
    boolean seenInvalidMpegAudioHeader -> c
    long getProcessedDurationUs(com.google.android.exoplayer2.Format) -> a
    void reset() -> a
    long updateAndGetPresentationTimeUs(com.google.android.exoplayer2.Format,com.google.android.exoplayer2.decoder.DecoderInputBuffer) -> a
com.google.android.exoplayer2.mediacodec.MediaCodecAdapter -> c.b.a.b.y1.k:
    void configure(android.media.MediaFormat,android.view.Surface,android.media.MediaCrypto,int) -> a
    int dequeueOutputBufferIndex(android.media.MediaCodec$BufferInfo) -> a
    android.media.MediaFormat getOutputFormat() -> a
    void queueInputBuffer(int,int,int,long,int) -> a
    void queueSecureInputBuffer(int,int,com.google.android.exoplayer2.decoder.CryptoInfo,long,int) -> a
    int dequeueInputBufferIndex() -> b
    android.media.MediaCodec getCodec() -> c
com.google.android.exoplayer2.mediacodec.MediaCodecAsyncCallback -> c.b.a.b.y1.l:
    java.util.ArrayDeque formats -> d
    java.lang.IllegalStateException mediaCodecException -> g
    com.google.android.exoplayer2.util.IntArrayQueue availableOutputBuffers -> b
    android.media.MediaFormat currentFormat -> e
    android.media.MediaFormat pendingOutputFormat -> f
    com.google.android.exoplayer2.util.IntArrayQueue availableInputBuffers -> a
    java.util.ArrayDeque bufferInfos -> c
    void addOutputFormat(android.media.MediaFormat) -> a
    int dequeueInputBufferIndex() -> a
    int dequeueOutputBufferIndex(android.media.MediaCodec$BufferInfo) -> a
    void onMediaCodecError(java.lang.IllegalStateException) -> a
    void flush() -> b
    android.media.MediaFormat getOutputFormat() -> c
    void maybeThrowMediaCodecException() -> d
com.google.android.exoplayer2.mediacodec.MediaCodecDecoderException -> c.b.a.b.y1.m:
    java.lang.String getDiagnosticInfoV21(java.lang.Throwable) -> a